app/build/outputs/logs/manifest-merger-debug-report.txt
-- Merging decision tree log ---
manifest
ADDED from src\main\AndroidManifest.xml:16:1-209:12
	package
		ADDED from src\main\AndroidManifest.xml:17:5-37
		INJECTED from src\main\AndroidManifest.xml
		INJECTED from src\main\AndroidManifest.xml
	android:versionName
		INJECTED from src\main\AndroidManifest.xml
		INJECTED from src\main\AndroidManifest.xml
	xmlns:android
		ADDED from src\main\AndroidManifest.xml:16:11-69
	android:versionCode
		INJECTED from src\main\AndroidManifest.xml
		INJECTED from src\main\AndroidManifest.xml
uses-permission#android.permission.WRITE_EXTERNAL_STORAGE
ADDED from src\main\AndroidManifest.xml:20:5-81
	android:name
		ADDED from src\main\AndroidManifest.xml:20:22-78
uses-permission#android.permission.ACCESS_NETWORK_STATE
ADDED from src\main\AndroidManifest.xml:22:5-79
	android:name
		ADDED from src\main\AndroidManifest.xml:22:22-76
uses-permission#android.permission.INTERNET
ADDED from src\main\AndroidManifest.xml:24:5-67
	android:name
		ADDED from src\main\AndroidManifest.xml:24:22-64
uses-permission#android.permission.WAKE_LOCK
ADDED from src\main\AndroidManifest.xml:26:5-68
	android:name
		ADDED from src\main\AndroidManifest.xml:26:22-65
uses-permission#android.permission.BROADCAST_STICKY
ADDED from src\main\AndroidManifest.xml:28:5-75
	android:name
		ADDED from src\main\AndroidManifest.xml:28:22-72
uses-permission#android.permission.READ_PHONE_STATE
ADDED from src\main\AndroidManifest.xml:30:5-75
	android:name
		ADDED from src\main\AndroidManifest.xml:30:22-72
uses-permission#android.permission.WRITE_SETTINGS
ADDED from src\main\AndroidManifest.xml:32:5-73
	android:name
		ADDED from src\main\AndroidManifest.xml:32:22-70
uses-permission#com.android.launcher.permission.INSTALL_SHORTCUT
ADDED from src\main\AndroidManifest.xml:34:5-88
	android:name
		ADDED from src\main\AndroidManifest.xml:34:22-85
uses-permission#android.permission.REAL_GET_TASKS
ADDED from src\main\AndroidManifest.xml:36:5-73
	android:name
		ADDED from src\main\AndroidManifest.xml:36:22-70
uses-permission#android.permission.READ_EXTERNAL_STORAGE
ADDED from src\main\AndroidManifest.xml:38:5-80
	android:name
		ADDED from src\main\AndroidManifest.xml:38:22-77
uses-permission#android.permission.RECORD_AUDIO
ADDED from src\main\AndroidManifest.xml:41:5-71
	android:name
		ADDED from src\main\AndroidManifest.xml:41:22-68
uses-permission#android.permission.MODIFY_AUDIO_SETTINGS
ADDED from src\main\AndroidManifest.xml:42:5-80
	android:name
		ADDED from src\main\AndroidManifest.xml:42:22-77
uses-feature#android.hardware.sensor.accelerometer
ADDED from src\main\AndroidManifest.xml:45:5-74
	android:name
		ADDED from src\main\AndroidManifest.xml:45:19-71
application
ADDED from src\main\AndroidManifest.xml:47:5-207:19
MERGED from [com.android.support:cardview-v7:24.2.1] AndroidManifest.xml:22:5-20
MERGED from [com.android.support:palette-v7:24.2.1] AndroidManifest.xml:22:5-23:19
MERGED from [com.android.support:support-compat:24.2.1] AndroidManifest.xml:25:5-20
MERGED from [com.android.support:support-core-utils:24.2.1] AndroidManifest.xml:25:5-20
MERGED from [com.android.support:design:24.2.1] AndroidManifest.xml:22:5-20
MERGED from [com.android.support:support-v4:24.2.1] AndroidManifest.xml:25:5-20
MERGED from [com.android.support:support-media-compat:24.2.1] AndroidManifest.xml:25:5-20
MERGED from [com.android.support:support-core-ui:24.2.1] AndroidManifest.xml:25:5-20
MERGED from [com.android.support:support-fragment:24.2.1] AndroidManifest.xml:25:5-20
MERGED from [com.android.support:appcompat-v7:24.2.1] AndroidManifest.xml:25:5-20
MERGED from [com.android.support:support-vector-drawable:24.2.1] AndroidManifest.xml:23:5-20
MERGED from [com.android.support:animated-vector-drawable:24.2.1] AndroidManifest.xml:22:5-20
	android:label
		ADDED from src\main\AndroidManifest.xml:53:9-41
	android:hardwareAccelerated
		ADDED from src\main\AndroidManifest.xml:51:9-71
	android:allowTaskReparenting
		ADDED from src\main\AndroidManifest.xml:50:9-44
	android:allowBackup
		ADDED from src\main\AndroidManifest.xml:49:9-35
	android:icon
		ADDED from src\main\AndroidManifest.xml:52:9-50
	android:largeHeap
		ADDED from src\main\AndroidManifest.xml:54:9-51
	android:theme
		ADDED from src\main\AndroidManifest.xml:56:9-52
	android:taskAffinity
		ADDED from src\main\AndroidManifest.xml:55:9-59
	android:name
		ADDED from src\main\AndroidManifest.xml:48:9-64
meta-data#android.app.default_searchable
ADDED from src\main\AndroidManifest.xml:59:9-61:61
	android:value
		ADDED from src\main\AndroidManifest.xml:61:13-58
	android:name
		ADDED from src\main\AndroidManifest.xml:60:13-58
activity#com.cyanogenmod.eleven.ui.activities.HomeActivity
ADDED from src\main\AndroidManifest.xml:63:9-91:20
	android:launchMode
		ADDED from src\main\AndroidManifest.xml:66:13-43
	android:exported
		ADDED from src\main\AndroidManifest.xml:65:13-36
	android:windowSoftInputMode
		ADDED from src\main\AndroidManifest.xml:68:13-52
	android:theme
		ADDED from src\main\AndroidManifest.xml:67:13-56
	android:name
		ADDED from src\main\AndroidManifest.xml:64:13-77
intent-filter#android.intent.action.MAIN+android.intent.action.MUSIC_PLAYER+android.intent.category.APP_MUSIC+android.intent.category.DEFAULT+android.intent.category.LAUNCHER
ADDED from src\main\AndroidManifest.xml:69:13-76:29
action#android.intent.action.MAIN
ADDED from src\main\AndroidManifest.xml:70:17-69
	android:name
		ADDED from src\main\AndroidManifest.xml:70:25-66
action#android.intent.action.MUSIC_PLAYER
ADDED from src\main\AndroidManifest.xml:71:17-77
	android:name
		ADDED from src\main\AndroidManifest.xml:71:25-74
category#android.intent.category.LAUNCHER
ADDED from src\main\AndroidManifest.xml:73:17-77
	android:name
		ADDED from src\main\AndroidManifest.xml:73:27-74
category#android.intent.category.APP_MUSIC
ADDED from src\main\AndroidManifest.xml:74:17-78
	android:name
		ADDED from src\main\AndroidManifest.xml:74:27-75
category#android.intent.category.DEFAULT
ADDED from src\main\AndroidManifest.xml:75:17-76
	android:name
		ADDED from src\main\AndroidManifest.xml:75:27-73
intent-filter#android.intent.action.VIEW+android.intent.category.DEFAULT
ADDED from src\main\AndroidManifest.xml:77:13-85:29
action#android.intent.action.VIEW
ADDED from src\main\AndroidManifest.xml:78:17-69
	android:name
		ADDED from src\main\AndroidManifest.xml:78:25-66
data
ADDED from src\main\AndroidManifest.xml:82:17-76
	android:mimeType
		ADDED from src\main\AndroidManifest.xml:82:23-73
intent-filter#android.intent.category.DEFAULT+com.cyanogenmod.eleven.AUDIO_PLAYER
ADDED from src\main\AndroidManifest.xml:86:13-90:29
action#com.cyanogenmod.eleven.AUDIO_PLAYER
ADDED from src\main\AndroidManifest.xml:87:17-78
	android:name
		ADDED from src\main\AndroidManifest.xml:87:25-75
activity#com.cyanogenmod.eleven.ui.activities.SearchActivity
ADDED from src\main\AndroidManifest.xml:94:9-109:20
	android:exported
		ADDED from src\main\AndroidManifest.xml:96:13-36
	android:windowSoftInputMode
		ADDED from src\main\AndroidManifest.xml:98:13-55
	android:theme
		ADDED from src\main\AndroidManifest.xml:97:13-44
	android:name
		ADDED from src\main\AndroidManifest.xml:95:13-79
intent-filter#android.intent.action.MEDIA_SEARCH+android.intent.action.SEARCH+android.intent.category.DEFAULT
ADDED from src\main\AndroidManifest.xml:99:13-104:29
action#android.intent.action.SEARCH
ADDED from src\main\AndroidManifest.xml:100:17-71
	android:name
		ADDED from src\main\AndroidManifest.xml:100:25-68
action#android.intent.action.MEDIA_SEARCH
ADDED from src\main\AndroidManifest.xml:101:17-77
	android:name
		ADDED from src\main\AndroidManifest.xml:101:25-74
meta-data#android.app.searchable
ADDED from src\main\AndroidManifest.xml:106:13-108:54
	android:resource
		ADDED from src\main\AndroidManifest.xml:108:17-51
	android:name
		ADDED from src\main\AndroidManifest.xml:107:17-54
activity#com.cyanogenmod.eleven.ui.activities.SettingsActivity
ADDED from src\main\AndroidManifest.xml:111:9-113:53
	android:label
		ADDED from src\main\AndroidManifest.xml:113:13-50
	android:name
		ADDED from src\main\AndroidManifest.xml:112:13-81
activity#com.cyanogenmod.eleven.ui.activities.preview.AudioPreviewActivity
ADDED from src\main\AndroidManifest.xml:115:9-155:20
	android:excludeFromRecents
		ADDED from src\main\AndroidManifest.xml:117:13-46
	android:launchMode
		ADDED from src\main\AndroidManifest.xml:118:13-44
	android:theme
		ADDED from src\main\AndroidManifest.xml:120:13-54
	android:taskAffinity
		ADDED from src\main\AndroidManifest.xml:119:13-36
	android:name
		ADDED from src\main\AndroidManifest.xml:116:13-71
intent-filter#android.intent.action.VIEW+android.intent.category.BROWSABLE+android.intent.category.DEFAULT
ADDED from src\main\AndroidManifest.xml:143:13-154:29
category#android.intent.category.BROWSABLE
ADDED from src\main\AndroidManifest.xml:147:17-78
	android:name
		ADDED from src\main\AndroidManifest.xml:147:27-75
receiver#com.cyanogenmod.eleven.appwidgets.AppWidgetSmall
ADDED from src\main\AndroidManifest.xml:157:9-168:20
	android:label
		ADDED from src\main\AndroidManifest.xml:160:13-53
	android:exported
		ADDED from src\main\AndroidManifest.xml:159:13-37
	android:name
		ADDED from src\main\AndroidManifest.xml:158:13-76
intent-filter#android.appwidget.action.APPWIDGET_UPDATE
ADDED from src\main\AndroidManifest.xml:161:13-163:29
action#android.appwidget.action.APPWIDGET_UPDATE
ADDED from src\main\AndroidManifest.xml:162:17-84
	android:name
		ADDED from src\main\AndroidManifest.xml:162:25-81
meta-data#android.appwidget.provider
ADDED from src\main\AndroidManifest.xml:165:13-167:60
	android:resource
		ADDED from src\main\AndroidManifest.xml:167:17-57
	android:name
		ADDED from src\main\AndroidManifest.xml:166:17-58
receiver#com.cyanogenmod.eleven.appwidgets.AppWidgetLarge
ADDED from src\main\AndroidManifest.xml:170:9-181:20
	android:label
		ADDED from src\main\AndroidManifest.xml:173:13-53
	android:exported
		ADDED from src\main\AndroidManifest.xml:172:13-37
	android:name
		ADDED from src\main\AndroidManifest.xml:171:13-76
receiver#com.cyanogenmod.eleven.appwidgets.AppWidgetLargeAlternate
ADDED from src\main\AndroidManifest.xml:183:9-194:20
	android:label
		ADDED from src\main\AndroidManifest.xml:186:13-57
	android:exported
		ADDED from src\main\AndroidManifest.xml:185:13-37
	android:name
		ADDED from src\main\AndroidManifest.xml:184:13-85
receiver#com.cyanogenmod.eleven.MediaButtonIntentReceiver
ADDED from src\main\AndroidManifest.xml:196:9-201:20
	android:name
		ADDED from src\main\AndroidManifest.xml:196:19-82
intent-filter#android.intent.action.MEDIA_BUTTON+android.media.AUDIO_BECOMING_NOISY
ADDED from src\main\AndroidManifest.xml:197:13-200:29
action#android.intent.action.MEDIA_BUTTON
ADDED from src\main\AndroidManifest.xml:198:17-77
	android:name
		ADDED from src\main\AndroidManifest.xml:198:25-74
action#android.media.AUDIO_BECOMING_NOISY
ADDED from src\main\AndroidManifest.xml:199:17-77
	android:name
		ADDED from src\main\AndroidManifest.xml:199:25-74
service#com.cyanogenmod.eleven.MusicPlaybackService
ADDED from src\main\AndroidManifest.xml:203:9-206:39
	android:process
		ADDED from src\main\AndroidManifest.xml:206:13-36
	android:label
		ADDED from src\main\AndroidManifest.xml:205:13-45
	android:name
		ADDED from src\main\AndroidManifest.xml:204:13-71
uses-sdk
INJECTED from src\main\AndroidManifest.xml reason: use-sdk injection requested
MERGED from [com.android.support:cardview-v7:24.2.1] AndroidManifest.xml:20:5-43
MERGED from [com.android.support:palette-v7:24.2.1] AndroidManifest.xml:20:5-43
MERGED from [com.android.support:support-compat:24.2.1] AndroidManifest.xml:21:5-23:58
MERGED from [com.android.support:support-core-utils:24.2.1] AndroidManifest.xml:21:5-23:61
MERGED from [com.android.support:design:24.2.1] AndroidManifest.xml:20:5-43
MERGED from [com.android.support:support-v4:24.2.1] AndroidManifest.xml:21:5-23:54
MERGED from [com.android.support:support-media-compat:24.2.1] AndroidManifest.xml:21:5-23:63
MERGED from [com.android.support:support-core-ui:24.2.1] AndroidManifest.xml:21:5-23:58
MERGED from [com.android.support:support-fragment:24.2.1] AndroidManifest.xml:21:5-23:60
MERGED from [com.android.support:appcompat-v7:24.2.1] AndroidManifest.xml:21:5-23:78
MERGED from [com.android.support:support-vector-drawable:24.2.1] AndroidManifest.xml:21:5-43
MERGED from [com.android.support:animated-vector-drawable:24.2.1] AndroidManifest.xml:20:5-44
MERGED from [com.android.support:recyclerview-v7:24.2.1] AndroidManifest.xml:20:5-43
	tools:overrideLibrary
		ADDED from [com.android.support:support-compat:24.2.1] AndroidManifest.xml:23:9-55
	android:targetSdkVersion
		INJECTED from src\main\AndroidManifest.xml
		INJECTED from src\main\AndroidManifest.xml
	android:minSdkVersion
		INJECTED from src\main\AndroidManifest.xml
		INJECTED from src\main\AndroidManifest.xml